<?xml version="1.0" encoding="UTF-8"?><testsuite errors="0" failures="1" name="Registering in computrabajo" skipped="0" tests="2" time="53.27" timestamp="2018-12-02 11:22:59"><testcase name="Unsuccesful registry"><failure message="Your bad registering was worst than bad - org.openqa.selenium.NoSuchElementException: Expected condition failed: waiting for By.id: AccessModel_Email-error to be displayed (tried for 5 second(s) with 100 milliseconds interval)&#10;Build info: version: '3.14.0', revision: 'aacccce0', time: '2018-08-02T20:19:58.91Z'&#10;System info: host: 'RC-PC', ip: '192.168.1.8', os.name: 'Windows 10', os.arch: 'amd64', os.version: '10.0', java.version: '1.8.0_161'&#10;Driver info: driver.version: unknown" type="java.lang.AssertionError">Your bad registering was worst than bad - org.openqa.selenium.NoSuchElementException: Expected condition failed: waiting for By.id: AccessModel_Email-error to be displayed (tried for 5 second(s) with 100 milliseconds interval)
Build info: version: '3.14.0', revision: 'aacccce0', time: '2018-08-02T20:19:58.91Z'
System info: host: 'RC-PC', ip: '192.168.1.8', os.name: 'Windows 10', os.arch: 'amd64', os.version: '10.0', java.version: '1.8.0_161'
Driver info: driver.version: unknown</failure><system-err>Your bad registering was worst than bad - org.openqa.selenium.NoSuchElementException: Expected condition failed: waiting for By.id: AccessModel_Email-error to be displayed (tried for 5 second(s) with 100 milliseconds interval)
Build info: version: '3.14.0', revision: 'aacccce0', time: '2018-08-02T20:19:58.91Z'
System info: host: 'RC-PC', ip: '192.168.1.8', os.name: 'Windows 10', os.arch: 'amd64', os.version: '10.0', java.version: '1.8.0_161'
Driver info: driver.version: unknown&#13;
co.com.computrabajo.www.certificacion.stepsdefinitions.RegisterStepsDefinitions.i_should_see_the_message(RegisterStepsDefinitions.java:55)&#13;
âœ½.he should see the message "Obligatorio"(src/test/resources/co/com/computrabajo/www/certificacion/features/Register.feature:13)&#13;
</system-err></testcase></testsuite>